make all --print-data-base --no-builtin-variables --no-builtin-rules --question
# GNU Make 3.81
# Copyright (C) 2006  Free Software Foundation, Inc.
# This is free software; see the source for copying conditions.
# There is NO warranty; not even for MERCHANTABILITY or FITNESS FOR A
# PARTICULAR PURPOSE.

# This program built for i386-apple-darwin11.3.0
 

# Make data base, printed on Thu Jan 12 12:47:24 2023

# Variables

# automatic
<D = $(patsubst %/,%,$(dir $<))
 
# automatic
?F = $(notdir $?)
# makefile (from `Makefile', line 15)
MAIN_FILE = main.c
# environment
VSCODE_LOG_NATIVE = false
# automatic
?D = $(patsubst %/,%,$(dir $?))
# makefile (from `Makefile', line 34)
CHK_SRCS = $(wildcard $(CHK_SRCS_DIR)/*.c)
# automatic
@D = $(patsubst %/,%,$(dir $@))
# automatic
@F = $(notdir $@)
# makefile
CURDIR := /Users/siwolee/42c/2_push_swap
# makefile
SHELL = /bin/sh
# environment
VSCODE_NLS_CONFIG = {"locale":"en-us","availableLanguages":{},"_languagePackSupport":true}
# environment
_ = /usr/bin/make
# makefile (from `Makefile', line 27)
CFLAGS = -Wall -Werror -Wextra -g3
# makefile (from `Makefile', line 33)
CHK_FILE = $(CHK_DIR)/chker.c
# makefile (from `Makefile', line 1)
MAKEFILE_LIST :=  Makefile
# environment
VSCODE_VERBOSE_LOGGING = true
# makefile (from `Makefile', line 22)
OBJS = $(SRCS:.c=.o)
# environment
VSCODE_IPC_HOOK_EXTHOST = /var/folders/zz/zyxvpxvq6csfxvn_n000cv240036rj/T/vscode-ipc-b770661a-fac0-4ad9-8eea-4fb71f43baac.sock
# environment
VSCODE_CWD = /
# environment
PATH = /usr/local/bin:/usr/bin:/bin:/usr/sbin:/sbin:/usr/local/munki:/usr/local/sbin:/usr/local/bin:/usr/sbin:/usr/bin:/sbin:/bin:/usr/games:/usr/local/games:/usr/bin:/bin:/usr/sbin:/sbin:/usr/local/bin:/Users/siwolee/localBin
# environment
LSCOLORS = Gxfxcxdxbxegedabagacad
# makefile (from `Makefile', line 20)
SRCS_DIR = ./srcs
# environment
VSCODE_LOG_STACK = false
# environment
ELECTRON_RUN_AS_NODE = 1
# default
.FEATURES := target-specific order-only second-expansion else-if archives jobserver check-symlink
# environment
SSH_AUTH_SOCK = /private/tmp/com.apple.launchd.eZBOmOXRiJ/Listeners
# automatic
%F = $(notdir $%)
# environment
VSCODE_PIPE_LOGGING = true
# environment
PWD = /Users/siwolee/42c/2_push_swap
# environment
ORIGINAL_XDG_CURRENT_DESKTOP = undefined
# makefile (from `Makefile', line 24)
INC_DIR = include
# environment
VSCODE_AMD_ENTRYPOINT = vs/workbench/api/node/extensionHostProcess
# environment
HOME = /Users/siwolee
# default
MAKEFILEPATH := /Applications/Xcode.app/Contents/Developer/Makefiles
# environment
VSCODE_CODE_CACHE_PATH = /Users/siwolee/Library/Application Support/Code/CachedData/c3511e6c69bb39013c4a4b7b9566ec1ca73fc4d5
# environment
LOGNAME = siwolee
# environment
APPLICATION_INSIGHTS_NO_DIAGNOSTIC_CHANNEL = 1
# environment
VSCODE_HANDLES_UNCAUGHT_ERRORS = true
# automatic
^D = $(patsubst %/,%,$(dir $^))
# makefile (from `Makefile', line 17)
TEST = test
# environment
XPC_FLAGS = 0x0
# default
MAKE = $(MAKE_COMMAND)
# default
MAKECMDGOALS := all
# makefile (from `Makefile', line 21)
SRCS = $(wildcard $(SRCS_DIR)/*.c)
# environment
SHLVL = 1
# makefile (from `Makefile', line 26)
CC = gcc
# makefile (from `Makefile', line 30)
CHK_DIR = ./chk
# default
MAKE_VERSION := 3.81
# environment
USER = siwolee
# makefile
.DEFAULT_GOAL := all
# makefile (from `Makefile', line 14)
NAME = push_swap
# environment
LESS = -R
# automatic
%D = $(patsubst %/,%,$(dir $%))
# default
MAKE_COMMAND := /Applications/Xcode.app/Contents/Developer/usr/bin/make
# default
.VARIABLES := 
# environment
TMPDIR = /var/folders/zz/zyxvpxvq6csfxvn_n000cv240036rj/T/
# automatic
*F = $(notdir $*)
# environment
VSCODE_IPC_HOOK = /Users/siwolee/Library/Application Support/Code/1.67.2-main.sock
# makefile
MAKEFLAGS = Rrqp
# makefile (from `Makefile', line 35)
CHK_OBJS = $(CHK_SRCS:.c=.o)
# environment
MFLAGS = -Rrqp
# automatic
*D = $(patsubst %/,%,$(dir $*))
# environment
XPC_SERVICE_NAME = com.microsoft.VSCode.1016
# automatic
+D = $(patsubst %/,%,$(dir $+))
# automatic
+F = $(notdir $+)
# environment
__CF_USER_TEXT_ENCODING = 0x19B11:0x0:0x0
# default
MAKEFILES := 
# automatic
<F = $(notdir $<)
# makefile (from `Makefile', line 29)
CHK = chker
# makefile (from `Makefile', line 32)
CHK_SRCS_DIR = $(CHK_DIR)/srcs
# makefile (from `Makefile', line 18)
TEST_FILE = test.c
# environment
EDITOR = /usr/bin/vim
# environment
PAGER = less
# environment
LC_ALL = C
# automatic
^F = $(notdir $^)
# default
SUFFIXES := 
# makefile (from `Makefile', line 31)
CHK_INC = $(CHK_DIR)/include
# default
.INCLUDE_DIRS = /usr/local/include
# environment
MAKELEVEL := 0
# environment
LANG = C
# environment
VSCODE_PID = 73427
# variable set hash-table stats:
# Load=81/1024=8%, Rehash=0, Collisions=4/126=3%

# Pattern-specific Variable Values

# No pattern-specific variable values.

# Directories

# . (device 16777225, inode 882918): 23 files, no impossibilities.
# ./srcs (device 16777225, inode 1045709): 12 files, no impossibilities.

# 35 files, no impossibilities in 2 directories.

# Implicit Rules

# No implicit rules.

# Files

# Not a target:
srcs/temp.c:
#  Implicit rule search has not been done.
#  Modification time never checked.
#  File has not been updated.

srcs/sort_merge.o: srcs/check.c srcs/merge2.c srcs/operate.c srcs/operater_.c srcs/pretreat.c srcs/sanantest.c srcs/sort_merge.c srcs/sort_short.c srcs/stack.c srcs/temp.c
#  Implicit rule search has not been done.
#  Modification time never checked.
#  File has not been updated.
#  commands to execute (from `Makefile', line 47):
	$(CC) $(CFLAGS) $(CDEBUG) -I$(INC_DIR) -c $< -o $@
	

all: push_swap
#  Phony target (prerequisite of .PHONY).
#  Command-line target.
#  Implicit rule search has not been done.
#  File does not exist.
#  File has been updated.
#  Needs to be updated (-q is set).
# variable set hash-table stats:
# Load=0/32=0%, Rehash=0, Collisions=0/9=0%

.PHONY: fclean clean test all re
#  Implicit rule search has not been done.
#  Modification time never checked.
#  File has not been updated.

# Not a target:
srcs/merge2.c:
#  Implicit rule search has not been done.
#  Modification time never checked.
#  File has not been updated.

# Not a target:
.SUFFIXES:
#  Implicit rule search has not been done.
#  Modification time never checked.
#  File has not been updated.

# Not a target:
srcs/stack.c:
#  Implicit rule search has not been done.
#  Modification time never checked.
#  File has not been updated.

# Not a target:
Makefile:
#  Implicit rule search has been done.
#  Last modified 2023-01-09 16:12:34
#  File has been updated.
#  Successfully updated.
# variable set hash-table stats:
# Load=0/32=0%, Rehash=0, Collisions=0/0=0%

# Not a target:
srcs/sanantest.c:
#  Implicit rule search has not been done.
#  Modification time never checked.
#  File has not been updated.

test:
#  Phony target (prerequisite of .PHONY).
#  Implicit rule search has not been done.
#  File does not exist.
#  File has not been updated.
#  commands to execute (from `Makefile', line 50):
	$(CC) $(CFLAGS) -o $(TEST) -I$(INC_DIR) $(SRCS) $(TEST_FILE)
	

# Not a target:
srcs/operater_.c:
#  Implicit rule search has not been done.
#  Modification time never checked.
#  File has not been updated.

srcs/stack.o: srcs/check.c srcs/merge2.c srcs/operate.c srcs/operater_.c srcs/pretreat.c srcs/sanantest.c srcs/sort_merge.c srcs/sort_short.c srcs/stack.c srcs/temp.c
#  Implicit rule search has not been done.
#  Modification time never checked.
#  File has not been updated.
#  commands to execute (from `Makefile', line 47):
	$(CC) $(CFLAGS) $(CDEBUG) -I$(INC_DIR) -c $< -o $@
	

srcs/check.o: srcs/check.c srcs/merge2.c srcs/operate.c srcs/operater_.c srcs/pretreat.c srcs/sanantest.c srcs/sort_merge.c srcs/sort_short.c srcs/stack.c srcs/temp.c
#  Implicit rule search has not been done.
#  Modification time never checked.
#  File has not been updated.
#  commands to execute (from `Makefile', line 47):
	$(CC) $(CFLAGS) $(CDEBUG) -I$(INC_DIR) -c $< -o $@
	

# Not a target:
srcs/sort_merge.c:
#  Implicit rule search has not been done.
#  Modification time never checked.
#  File has not been updated.

fclean: clean
#  Phony target (prerequisite of .PHONY).
#  Implicit rule search has not been done.
#  File does not exist.
#  File has not been updated.
#  commands to execute (from `Makefile', line 61):
	rm -rf $(NAME) $(TEST) $(CHK)
	

srcs/sort_short.o: srcs/check.c srcs/merge2.c srcs/operate.c srcs/operater_.c srcs/pretreat.c srcs/sanantest.c srcs/sort_merge.c srcs/sort_short.c srcs/stack.c srcs/temp.c
#  Implicit rule search has not been done.
#  Modification time never checked.
#  File has not been updated.
 
#  commands to execute (from `Makefile', line 47):
	$(CC) $(CFLAGS) $(CDEBUG) -I$(INC_DIR) -c $< -o $@
	

srcs/pretreat.o: srcs/check.c srcs/merge2.c srcs/operate.c srcs/operater_.c srcs/pretreat.c srcs/sanantest.c srcs/sort_merge.c srcs/sort_short.c srcs/stack.c srcs/temp.c
#  Implicit rule search has not been done.
#  Modification time never checked.
#  File has not been updated.
#  commands to execute (from `Makefile', line 47):
	$(CC) $(CFLAGS) $(CDEBUG) -I$(INC_DIR) -c $< -o $@
	

srcs/operate.o: srcs/check.c srcs/merge2.c srcs/operate.c srcs/operater_.c srcs/pretreat.c srcs/sanantest.c srcs/sort_merge.c srcs/sort_short.c srcs/stack.c srcs/temp.c
#  Implicit rule search has not been done.
#  Modification time never checked.
#  File has not been updated.
#  commands to execute (from `Makefile', line 47):
	$(CC) $(CFLAGS) $(CDEBUG) -I$(INC_DIR) -c $< -o $@
	

# Not a target:
.DEFAULT:
#  Implicit rule search has not been done.
#  Modification time never checked.
#  File has not been updated.

chker:
#  Implicit rule search has not been done.
#  Modification time never checked.
#  File has not been updated.
#  commands to execute (from `Makefile', line 55):
	$(CC) $(CFLAGS) -o $(CHK) -I$(CHK_INC) $(CHK_SRCS) $(CHK_FILE)	
	

re: fclean all
#  Phony target (prerequisite of .PHONY).
#  Implicit rule search has not been done.
#  File does not exist.
#  File has not been updated.

clean:
#  Phony target (prerequisite of .PHONY).
#  Implicit rule search has not been done.
#  File does not exist.
#  File has not been updated.
#  commands to execute (from `Makefile', line 58):
	rm -rf $(OBJS)
	

srcs/temp.o: srcs/check.c srcs/merge2.c srcs/operate.c srcs/operater_.c srcs/pretreat.c srcs/sanantest.c srcs/sort_merge.c srcs/sort_short.c srcs/stack.c srcs/temp.c
#  Implicit rule search has not been done.
#  Modification time never checked.
#  File has not been updated.
#  commands to execute (from `Makefile', line 47):
	$(CC) $(CFLAGS) $(CDEBUG) -I$(INC_DIR) -c $< -o $@
	

push_swap:
#  Implicit rule search has not been done.
#  Implicit/static pattern stem: `'
#  File does not exist.
#  File has been updated.
#  Needs to be updated (-q is set).
# automatic
# @ := push_swap
# automatic
# % := 
# automatic
# * := 
# automatic
# + := 
# automatic
# | := 
# automatic
# < := 
# automatic
# ^ := 
# automatic
# ? := 
# variable set hash-table stats:
# Load=8/32=25%, Rehash=0, Collisions=4/17=24%
#  commands to execute (from `Makefile', line 42):
	$(CC) $(CFLAGS) -o $(NAME) -I$(INC_DIR) $(SRCS) $(MAIN_FILE)
	

# Not a target:
srcs/check.c:
#  Implicit rule search has not been done.
#  Modification time never checked.
#  File has not been updated.

# Not a target:
srcs/sort_short.c:
#  Implicit rule search has not been done.
#  Modification time never checked.
#  File has not been updated.

srcs/merge2.o: srcs/check.c srcs/merge2.c srcs/operate.c srcs/operater_.c srcs/pretreat.c srcs/sanantest.c srcs/sort_merge.c srcs/sort_short.c srcs/stack.c srcs/temp.c
#  Implicit rule search has not been done.
#  Modification time never checked.
#  File has not been updated.
#  commands to execute (from `Makefile', line 47):
	$(CC) $(CFLAGS) $(CDEBUG) -I$(INC_DIR) -c $< -o $@
	

check: push_swap chker
#  Implicit rule search has not been done.
#  Modification time never checked.
#  File has not been updated.

# Not a target:
srcs/pretreat.c:
#  Implicit rule search has not been done.
#  Modification time never checked.
#  File has not been updated.

tt: test
#  Implicit rule search has not been done.
#  Modification time never checked.
#  File has not been updated.

# Not a target:
srcs/operate.c:
#  Implicit rule search has not been done.
#  Modification time never checked.
#  File has not been updated.

srcs/sanantest.o: srcs/check.c srcs/merge2.c srcs/operate.c srcs/operater_.c srcs/pretreat.c srcs/sanantest.c srcs/sort_merge.c srcs/sort_short.c srcs/stack.c srcs/temp.c
#  Implicit rule search has not been done.
#  Modification time never checked.
#  File has not been updated.
#  commands to execute (from `Makefile', line 47):
	$(CC) $(CFLAGS) $(CDEBUG) -I$(INC_DIR) -c $< -o $@
	

srcs/operater_.o: srcs/check.c srcs/merge2.c srcs/operate.c srcs/operater_.c srcs/pretreat.c srcs/sanantest.c srcs/sort_merge.c srcs/sort_short.c srcs/stack.c srcs/temp.c
#  Implicit rule search has not been done.
#  Modification time never checked.
#  File has not been updated.
#  commands to execute (from `Makefile', line 47):
	$(CC) $(CFLAGS) $(CDEBUG) -I$(INC_DIR) -c $< -o $@
	

# files hash-table stats:
# Load=33/1024=3%, Rehash=0, Collisions=11/159=7%
# VPATH Search Paths

# No `vpath' search paths.

# No general (`VPATH' variable) search path.

# # of strings in strcache: 1
# # of strcache buffers: 1
# strcache size: total = 4096 / max = 4096 / min = 4096 / avg = 4096
# strcache free: total = 4087 / max = 4087 / min = 4087 / avg = 4087

# Finished Make data base on Thu Jan 12 12:47:24 2023

 
